<?xml version="1.0" encoding="UTF-8"?>
<testng-results ignored="0" total="1" passed="1" failed="0" skipped="0">
  <reporter-output>
  </reporter-output>
  <suite started-at="2025-07-14T19:24:38 IST" name="Extent Suite" finished-at="2025-07-14T19:25:15 IST" duration-ms="36622">
    <groups>
    </groups>
    <test started-at="2025-07-14T19:24:38 IST" name="Extent Logging Test" finished-at="2025-07-14T19:25:15 IST" duration-ms="36622">
      <class name="tests.NebulaPatentDateTest">
        <test-method is-config="true" signature="setupReport()[pri:0, instance:tests.NebulaPatentDateTest@738dc9b]" started-at="2025-07-14T19:24:38 IST" name="setupReport" finished-at="2025-07-14T19:24:38 IST" duration-ms="242" status="PASS">
          <reporter-output>
          </reporter-output>
        </test-method> <!-- setupReport -->
        <test-method is-config="true" signature="setUp()[pri:0, instance:tests.NebulaPatentDateTest@738dc9b]" started-at="2025-07-14T19:24:38 IST" name="setUp" finished-at="2025-07-14T19:24:42 IST" duration-ms="3814" status="PASS">
          <reporter-output>
          </reporter-output>
        </test-method> <!-- setUp -->
        <test-method signature="testDateDifferences()[pri:0, instance:tests.NebulaPatentDateTest@738dc9b]" started-at="2025-07-14T19:24:42 IST" name="testDateDifferences" finished-at="2025-07-14T19:25:15 IST" duration-ms="32602" status="PASS">
          <reporter-output>
          </reporter-output>
        </test-method> <!-- testDateDifferences -->
        <test-method is-config="true" signature="tearDown()[pri:0, instance:tests.NebulaPatentDateTest@738dc9b]" started-at="2025-07-14T19:25:15 IST" name="tearDown" finished-at="2025-07-14T19:25:15 IST" duration-ms="168" status="PASS">
          <reporter-output>
          </reporter-output>
        </test-method> <!-- tearDown -->
        <test-method is-config="true" signature="flushReport()[pri:0, instance:tests.NebulaPatentDateTest@738dc9b]" started-at="2025-07-14T19:25:15 IST" name="flushReport" finished-at="2025-07-14T19:25:15 IST" duration-ms="333" status="PASS">
          <reporter-output>
          </reporter-output>
        </test-method> <!-- flushReport -->
      </class> <!-- tests.NebulaPatentDateTest -->
    </test> <!-- Extent Logging Test -->
  </suite> <!-- Extent Suite -->
</testng-results>
